2026-07-02 12:31:06 - Starting ResenasApplication using Java 21.0.11 with PID 32624 (C:\Users\sj-alumno\Desktop\a\Examen_full_stack_1\reseñas\target\classes started by SJ-Alumno in C:\Users\sj-alumno\Desktop\a\Examen_full_stack_1\reseñas)
2026-07-02 12:31:06 - Running with Spring Boot v4.0.7, Spring v7.0.8
2026-07-02 12:31:06 - No active profile set, falling back to 1 default profile: "default"
2026-07-02 12:31:07 - Bootstrapping Spring Data JPA repositories in DEFAULT mode.
2026-07-02 12:31:07 - Finished Spring Data repository scanning in 70 ms. Found 1 JPA repository interface.
2026-07-02 12:31:07 - BeanFactory id=dd02e820-f040-3aee-8434-be5e5953355b
2026-07-02 12:31:08 - Tomcat initialized with port 9006 (http)
2026-07-02 12:31:08 - Starting service [Tomcat]
2026-07-02 12:31:08 - Starting Servlet engine: [Apache Tomcat/11.0.22]
2026-07-02 12:31:08 - Root WebApplicationContext: initialization completed in 2631 ms
2026-07-02 12:31:09 - HikariPool-1 - Starting...
2026-07-02 12:31:10 - Exception encountered during context initialization - cancelling refresh attempt: org.springframework.beans.factory.BeanCreationException: Error creating bean with name 'entityManagerFactory' defined in class path resource [org/springframework/boot/hibernate/autoconfigure/HibernateJpaConfiguration.class]: Failed to initialize dependency 'flywayInitializer' of LoadTimeWeaverAware bean 'entityManagerFactory': Error creating bean with name 'flywayInitializer' defined in class path resource [org/springframework/boot/flyway/autoconfigure/FlywayAutoConfiguration$FlywayConfiguration.class]: Unable to obtain connection from database: Access denied for user 'examen'@'%' to database 'reseñas'
----------------------------------------------------------------------------------------------------
SQL State  : 42000
Error Code : 1044
Message    : Access denied for user 'examen'@'%' to database 'reseñas'

2026-07-02 12:31:10 - Stopping service [Tomcat]
2026-07-02 12:31:10 - 

Error starting ApplicationContext. To display the condition evaluation report re-run your application with 'debug' enabled.
2026-07-02 12:31:10 - Application run failed
org.springframework.beans.factory.BeanCreationException: Error creating bean with name 'entityManagerFactory' defined in class path resource [org/springframework/boot/hibernate/autoconfigure/HibernateJpaConfiguration.class]: Failed to initialize dependency 'flywayInitializer' of LoadTimeWeaverAware bean 'entityManagerFactory': Error creating bean with name 'flywayInitializer' defined in class path resource [org/springframework/boot/flyway/autoconfigure/FlywayAutoConfiguration$FlywayConfiguration.class]: Unable to obtain connection from database: Access denied for user 'examen'@'%' to database 'reseñas'
----------------------------------------------------------------------------------------------------
SQL State  : 42000
Error Code : 1044
Message    : Access denied for user 'examen'@'%' to database 'reseñas'

	at org.springframework.beans.factory.support.AbstractBeanFactory.doGetBean(AbstractBeanFactory.java:322)
	at org.springframework.beans.factory.support.AbstractBeanFactory.getBean(AbstractBeanFactory.java:201)
	at org.springframework.context.support.AbstractApplicationContext.finishBeanFactoryInitialization(AbstractApplicationContext.java:977)
	at org.springframework.context.support.AbstractApplicationContext.refresh(AbstractApplicationContext.java:621)
	at org.springframework.boot.web.server.servlet.context.ServletWebServerApplicationContext.refresh(ServletWebServerApplicationContext.java:143)
	at org.springframework.boot.SpringApplication.refresh(SpringApplication.java:756)
	at org.springframework.boot.SpringApplication.refreshContext(SpringApplication.java:445)
	at org.springframework.boot.SpringApplication.run(SpringApplication.java:321)
	at org.springframework.boot.SpringApplication.run(SpringApplication.java:1365)
	at org.springframework.boot.SpringApplication.run(SpringApplication.java:1354)
	at cl.duoc.resenas.ResenasApplication.main(ResenasApplication.java:10)
Caused by: org.springframework.beans.factory.BeanCreationException: Error creating bean with name 'flywayInitializer' defined in class path resource [org/springframework/boot/flyway/autoconfigure/FlywayAutoConfiguration$FlywayConfiguration.class]: Unable to obtain connection from database: Access denied for user 'examen'@'%' to database 'reseñas'
----------------------------------------------------------------------------------------------------
SQL State  : 42000
Error Code : 1044
Message    : Access denied for user 'examen'@'%' to database 'reseñas'

	at org.springframework.beans.factory.support.AbstractAutowireCapableBeanFactory.initializeBean(AbstractAutowireCapableBeanFactory.java:1815)
	at org.springframework.beans.factory.support.AbstractAutowireCapableBeanFactory.doCreateBean(AbstractAutowireCapableBeanFactory.java:603)
	at org.springframework.beans.factory.support.AbstractAutowireCapableBeanFactory.createBean(AbstractAutowireCapableBeanFactory.java:525)
	at org.springframework.beans.factory.support.AbstractBeanFactory.lambda$doGetBean$0(AbstractBeanFactory.java:333)
	at org.springframework.beans.factory.support.DefaultSingletonBeanRegistry.getSingleton(DefaultSingletonBeanRegistry.java:371)
	at org.springframework.beans.factory.support.AbstractBeanFactory.doGetBean(AbstractBeanFactory.java:331)
	at org.springframework.beans.factory.support.AbstractBeanFactory.getBean(AbstractBeanFactory.java:196)
	at org.springframework.beans.factory.support.AbstractBeanFactory.doGetBean(AbstractBeanFactory.java:309)
	... 10 common frames omitted
Caused by: org.flywaydb.core.internal.exception.sqlExceptions.FlywaySqlUnableToConnectToDbException: Unable to obtain connection from database: Access denied for user 'examen'@'%' to database 'reseñas'
----------------------------------------------------------------------------------------------------
SQL State  : 42000
Error Code : 1044
Message    : Access denied for user 'examen'@'%' to database 'reseñas'

	at org.flywaydb.core.internal.jdbc.JdbcUtils.openConnection(JdbcUtils.java:70)
	at org.flywaydb.core.internal.jdbc.JdbcConnectionFactory.<init>(JdbcConnectionFactory.java:76)
	at org.flywaydb.core.FlywayExecutor.execute(FlywayExecutor.java:142)
	at org.flywaydb.core.Flyway.migrate(Flyway.java:186)
	at org.springframework.boot.flyway.autoconfigure.FlywayMigrationInitializer.afterPropertiesSet(FlywayMigrationInitializer.java:67)
	at org.springframework.beans.factory.support.AbstractAutowireCapableBeanFactory.invokeInitMethods(AbstractAutowireCapableBeanFactory.java:1862)
	at org.springframework.beans.factory.support.AbstractAutowireCapableBeanFactory.initializeBean(AbstractAutowireCapableBeanFactory.java:1811)
	... 17 common frames omitted
Caused by: java.sql.SQLSyntaxErrorException: Access denied for user 'examen'@'%' to database 'reseñas'
	at com.mysql.cj.jdbc.exceptions.SQLError.createSQLException(SQLError.java:112)
	at com.mysql.cj.jdbc.exceptions.SQLExceptionsMapping.translateException(SQLExceptionsMapping.java:114)
	at com.mysql.cj.jdbc.ConnectionImpl.createNewIO(ConnectionImpl.java:840)
	at com.mysql.cj.jdbc.ConnectionImpl.<init>(ConnectionImpl.java:416)
	at com.mysql.cj.jdbc.ConnectionImpl.getInstance(ConnectionImpl.java:237)
	at com.mysql.cj.jdbc.NonRegisteringDriver.connect(NonRegisteringDriver.java:180)
	at com.zaxxer.hikari.util.DriverDataSource.getConnection(DriverDataSource.java:144)
	at com.zaxxer.hikari.pool.PoolBase.newConnection(PoolBase.java:373)
	at com.zaxxer.hikari.pool.PoolBase.newPoolEntry(PoolBase.java:210)
	at com.zaxxer.hikari.pool.HikariPool.createPoolEntry(HikariPool.java:488)
	at com.zaxxer.hikari.pool.HikariPool.checkFailFast(HikariPool.java:576)
	at com.zaxxer.hikari.pool.HikariPool.<init>(HikariPool.java:97)
	at com.zaxxer.hikari.HikariDataSource.getConnection(HikariDataSource.java:111)
	at org.flywaydb.core.internal.jdbc.JdbcUtils.openConnection(JdbcUtils.java:65)
	... 23 common frames omitted
2026-07-02 12:33:39 - Starting ResenasApplication using Java 21.0.11 with PID 26324 (C:\Users\sj-alumno\Desktop\a\Examen_full_stack_1\reseñas\target\classes started by SJ-Alumno in C:\Users\sj-alumno\Desktop\a\Examen_full_stack_1\reseñas)
2026-07-02 12:33:39 - Running with Spring Boot v4.0.7, Spring v7.0.8
2026-07-02 12:33:39 - No active profile set, falling back to 1 default profile: "default"
2026-07-02 12:33:40 - Bootstrapping Spring Data JPA repositories in DEFAULT mode.
2026-07-02 12:33:40 - Finished Spring Data repository scanning in 69 ms. Found 1 JPA repository interface.
2026-07-02 12:33:41 - BeanFactory id=dd02e820-f040-3aee-8434-be5e5953355b
2026-07-02 12:33:42 - Tomcat initialized with port 9006 (http)
2026-07-02 12:33:42 - Starting service [Tomcat]
2026-07-02 12:33:42 - Starting Servlet engine: [Apache Tomcat/11.0.22]
2026-07-02 12:33:42 - Root WebApplicationContext: initialization completed in 2665 ms
2026-07-02 12:33:42 - HikariPool-1 - Starting...
2026-07-02 12:33:44 - Exception encountered during context initialization - cancelling refresh attempt: org.springframework.beans.factory.BeanCreationException: Error creating bean with name 'entityManagerFactory' defined in class path resource [org/springframework/boot/hibernate/autoconfigure/HibernateJpaConfiguration.class]: Failed to initialize dependency 'flywayInitializer' of LoadTimeWeaverAware bean 'entityManagerFactory': Error creating bean with name 'flywayInitializer' defined in class path resource [org/springframework/boot/flyway/autoconfigure/FlywayAutoConfiguration$FlywayConfiguration.class]: Unable to obtain connection from database: Access denied for user 'examen'@'%' to database 'reseñas'
----------------------------------------------------------------------------------------------------
SQL State  : 42000
Error Code : 1044
Message    : Access denied for user 'examen'@'%' to database 'reseñas'

2026-07-02 12:33:44 - Stopping service [Tomcat]
2026-07-02 12:33:44 - 

Error starting ApplicationContext. To display the condition evaluation report re-run your application with 'debug' enabled.
2026-07-02 12:33:44 - Application run failed
org.springframework.beans.factory.BeanCreationException: Error creating bean with name 'entityManagerFactory' defined in class path resource [org/springframework/boot/hibernate/autoconfigure/HibernateJpaConfiguration.class]: Failed to initialize dependency 'flywayInitializer' of LoadTimeWeaverAware bean 'entityManagerFactory': Error creating bean with name 'flywayInitializer' defined in class path resource [org/springframework/boot/flyway/autoconfigure/FlywayAutoConfiguration$FlywayConfiguration.class]: Unable to obtain connection from database: Access denied for user 'examen'@'%' to database 'reseñas'
----------------------------------------------------------------------------------------------------
SQL State  : 42000
Error Code : 1044
Message    : Access denied for user 'examen'@'%' to database 'reseñas'

	at org.springframework.beans.factory.support.AbstractBeanFactory.doGetBean(AbstractBeanFactory.java:322)
	at org.springframework.beans.factory.support.AbstractBeanFactory.getBean(AbstractBeanFactory.java:201)
	at org.springframework.context.support.AbstractApplicationContext.finishBeanFactoryInitialization(AbstractApplicationContext.java:977)
	at org.springframework.context.support.AbstractApplicationContext.refresh(AbstractApplicationContext.java:621)
	at org.springframework.boot.web.server.servlet.context.ServletWebServerApplicationContext.refresh(ServletWebServerApplicationContext.java:143)
	at org.springframework.boot.SpringApplication.refresh(SpringApplication.java:756)
	at org.springframework.boot.SpringApplication.refreshContext(SpringApplication.java:445)
	at org.springframework.boot.SpringApplication.run(SpringApplication.java:321)
	at org.springframework.boot.SpringApplication.run(SpringApplication.java:1365)
	at org.springframework.boot.SpringApplication.run(SpringApplication.java:1354)
	at cl.duoc.resenas.ResenasApplication.main(ResenasApplication.java:10)
Caused by: org.springframework.beans.factory.BeanCreationException: Error creating bean with name 'flywayInitializer' defined in class path resource [org/springframework/boot/flyway/autoconfigure/FlywayAutoConfiguration$FlywayConfiguration.class]: Unable to obtain connection from database: Access denied for user 'examen'@'%' to database 'reseñas'
----------------------------------------------------------------------------------------------------
SQL State  : 42000
Error Code : 1044
Message    : Access denied for user 'examen'@'%' to database 'reseñas'

	at org.springframework.beans.factory.support.AbstractAutowireCapableBeanFactory.initializeBean(AbstractAutowireCapableBeanFactory.java:1815)
	at org.springframework.beans.factory.support.AbstractAutowireCapableBeanFactory.doCreateBean(AbstractAutowireCapableBeanFactory.java:603)
	at org.springframework.beans.factory.support.AbstractAutowireCapableBeanFactory.createBean(AbstractAutowireCapableBeanFactory.java:525)
	at org.springframework.beans.factory.support.AbstractBeanFactory.lambda$doGetBean$0(AbstractBeanFactory.java:333)
	at org.springframework.beans.factory.support.DefaultSingletonBeanRegistry.getSingleton(DefaultSingletonBeanRegistry.java:371)
	at org.springframework.beans.factory.support.AbstractBeanFactory.doGetBean(AbstractBeanFactory.java:331)
	at org.springframework.beans.factory.support.AbstractBeanFactory.getBean(AbstractBeanFactory.java:196)
	at org.springframework.beans.factory.support.AbstractBeanFactory.doGetBean(AbstractBeanFactory.java:309)
	... 10 common frames omitted
Caused by: org.flywaydb.core.internal.exception.sqlExceptions.FlywaySqlUnableToConnectToDbException: Unable to obtain connection from database: Access denied for user 'examen'@'%' to database 'reseñas'
----------------------------------------------------------------------------------------------------
SQL State  : 42000
Error Code : 1044
Message    : Access denied for user 'examen'@'%' to database 'reseñas'

	at org.flywaydb.core.internal.jdbc.JdbcUtils.openConnection(JdbcUtils.java:70)
	at org.flywaydb.core.internal.jdbc.JdbcConnectionFactory.<init>(JdbcConnectionFactory.java:76)
	at org.flywaydb.core.FlywayExecutor.execute(FlywayExecutor.java:142)
	at org.flywaydb.core.Flyway.migrate(Flyway.java:186)
	at org.springframework.boot.flyway.autoconfigure.FlywayMigrationInitializer.afterPropertiesSet(FlywayMigrationInitializer.java:67)
	at org.springframework.beans.factory.support.AbstractAutowireCapableBeanFactory.invokeInitMethods(AbstractAutowireCapableBeanFactory.java:1862)
	at org.springframework.beans.factory.support.AbstractAutowireCapableBeanFactory.initializeBean(AbstractAutowireCapableBeanFactory.java:1811)
	... 17 common frames omitted
Caused by: java.sql.SQLSyntaxErrorException: Access denied for user 'examen'@'%' to database 'reseñas'
	at com.mysql.cj.jdbc.exceptions.SQLError.createSQLException(SQLError.java:112)
	at com.mysql.cj.jdbc.exceptions.SQLExceptionsMapping.translateException(SQLExceptionsMapping.java:114)
	at com.mysql.cj.jdbc.ConnectionImpl.createNewIO(ConnectionImpl.java:840)
	at com.mysql.cj.jdbc.ConnectionImpl.<init>(ConnectionImpl.java:416)
	at com.mysql.cj.jdbc.ConnectionImpl.getInstance(ConnectionImpl.java:237)
	at com.mysql.cj.jdbc.NonRegisteringDriver.connect(NonRegisteringDriver.java:180)
	at com.zaxxer.hikari.util.DriverDataSource.getConnection(DriverDataSource.java:144)
	at com.zaxxer.hikari.pool.PoolBase.newConnection(PoolBase.java:373)
	at com.zaxxer.hikari.pool.PoolBase.newPoolEntry(PoolBase.java:210)
	at com.zaxxer.hikari.pool.HikariPool.createPoolEntry(HikariPool.java:488)
	at com.zaxxer.hikari.pool.HikariPool.checkFailFast(HikariPool.java:576)
	at com.zaxxer.hikari.pool.HikariPool.<init>(HikariPool.java:97)
	at com.zaxxer.hikari.HikariDataSource.getConnection(HikariDataSource.java:111)
	at org.flywaydb.core.internal.jdbc.JdbcUtils.openConnection(JdbcUtils.java:65)
	... 23 common frames omitted
2026-07-02 12:34:13 - Starting ResenasApplication using Java 21.0.11 with PID 31476 (C:\Users\sj-alumno\Desktop\a\Examen_full_stack_1\reseñas\target\classes started by SJ-Alumno in C:\Users\sj-alumno\Desktop\a\Examen_full_stack_1\reseñas)
2026-07-02 12:34:13 - Running with Spring Boot v4.0.7, Spring v7.0.8
2026-07-02 12:34:13 - No active profile set, falling back to 1 default profile: "default"
2026-07-02 12:34:14 - Bootstrapping Spring Data JPA repositories in DEFAULT mode.
2026-07-02 12:34:14 - Finished Spring Data repository scanning in 71 ms. Found 1 JPA repository interface.
2026-07-02 12:34:14 - BeanFactory id=dd02e820-f040-3aee-8434-be5e5953355b
2026-07-02 12:34:15 - Tomcat initialized with port 9006 (http)
2026-07-02 12:34:15 - Starting service [Tomcat]
2026-07-02 12:34:15 - Starting Servlet engine: [Apache Tomcat/11.0.22]
2026-07-02 12:34:15 - Root WebApplicationContext: initialization completed in 2391 ms
2026-07-02 12:34:16 - HikariPool-1 - Starting...
2026-07-02 12:34:16 - HikariPool-1 - Added connection com.mysql.cj.jdbc.ConnectionImpl@742dbac8
2026-07-02 12:34:16 - HikariPool-1 - Start completed.
2026-07-02 12:34:16 - 1 SQL migrations were detected but not run because they did not follow the filename convention.
2026-07-02 12:34:16 - Set 'validateMigrationNaming' to true to fail fast and see a list of the invalid file names.
2026-07-02 12:34:16 - Database: jdbc:mysql://localhost:3313/resenas (MySQL 8.0)
2026-07-02 12:34:16 - Schema history table `resenas`.`flyway_schema_history` does not exist yet
2026-07-02 12:34:16 - Successfully validated 0 migrations (execution time 00:00.010s)
2026-07-02 12:34:16 - No migrations found. Are your locations set up correctly?
2026-07-02 12:34:16 - Creating Schema History table `resenas`.`flyway_schema_history` ...
2026-07-02 12:34:16 - Current version of schema `resenas`: << Empty Schema >>
2026-07-02 12:34:16 - Schema `resenas` is up to date. No migration necessary.
2026-07-02 12:34:16 - HHH008540: Processing PersistenceUnitInfo [name: default]
2026-07-02 12:34:16 - HHH000001: Hibernate ORM core version 7.2.19.Final
2026-07-02 12:34:17 - No LoadTimeWeaver setup: ignoring JPA class transformer
2026-07-02 12:34:17 - HHH90000025: MySQLDialect does not need to be specified explicitly using 'hibernate.dialect' (remove the property setting and it will be selected by default)
2026-07-02 12:34:17 - HHH10001005: Database info:
	Database JDBC URL [jdbc:mysql://localhost:3313/resenas]
	Database driver: MySQL Connector/J
	Database dialect: MySQLDialect
	Database version: 8.0.46
	Default catalog/schema: resenas/undefined
	Autocommit mode: undefined/unknown
	Isolation level: REPEATABLE_READ [default REPEATABLE_READ]
	JDBC fetch size: none
	Pool: DataSourceConnectionProvider
	Minimum pool size: undefined/unknown
	Maximum pool size: undefined/unknown
2026-07-02 12:34:17 - HHH000489: No JTA platform available (set 'hibernate.transaction.jta.platform' to enable JTA platform integration)
2026-07-02 12:34:17 - Initialized JPA EntityManagerFactory for persistence unit 'default'
2026-07-02 12:34:17 - Hibernate is in classpath; If applicable, HQL parser will be used.
2026-07-02 12:34:17 - spring.jpa.open-in-view is enabled by default. Therefore, database queries may be performed during view rendering. Explicitly configure spring.jpa.open-in-view to disable this warning
2026-07-02 12:34:18 - 

Using generated security password: ebce153e-0e7d-48e1-9009-381b6b122a7f

This generated password is for development use only. Your security configuration must be updated before running your application in production.

2026-07-02 12:34:18 - Global AuthenticationManager configured with UserDetailsService bean with name inMemoryUserDetailsManager
2026-07-02 12:34:18 - Eureka HTTP Client uses RestClient.
2026-07-02 12:34:18 - Spring Cloud LoadBalancer is currently working with the default cache. While this cache implementation is useful for development and tests, it's recommended to use Caffeine cache in production.You can switch to using Caffeine cache, by adding it and org.springframework.cache.caffeine.CaffeineCacheManager to the classpath.
2026-07-02 12:34:18 - Exposing 2 endpoints beneath base path '/actuator'
2026-07-02 12:34:18 - Setting initial instance status as: STARTING
2026-07-02 12:34:18 - Initializing Eureka in region us-east-1
2026-07-02 12:34:18 - Resolving eureka endpoints via configuration
2026-07-02 12:34:18 - Disable delta property : false
2026-07-02 12:34:18 - Single vip registry refresh property : null
2026-07-02 12:34:18 - Force full registry fetch : false
2026-07-02 12:34:18 - Application is null : false
2026-07-02 12:34:18 - Registered Applications size is zero : true
2026-07-02 12:34:18 - Application version is -1: true
2026-07-02 12:34:18 - Getting all instance registry info from the eureka server
2026-07-02 12:34:19 - The response status is 200
2026-07-02 12:34:19 - Starting heartbeat executor: renew interval is: 30
2026-07-02 12:34:19 - InstanceInfoReplicator onDemand update allowed rate per min is 4
2026-07-02 12:34:19 - Discovery Client initialized at timestamp 1783010059253 with initial instances count: 0
2026-07-02 12:34:19 - Registering application RESEÑAS with eureka with status UP
2026-07-02 12:34:19 - Saw local status change event StatusChangeEvent [timestamp=1783010059255, current=UP, previous=STARTING]
2026-07-02 12:34:19 - DiscoveryClient_RESEÑAS/SJAPCS03LC0703.duoc.acad:reseñas:9006: registering service...
2026-07-02 12:34:19 - Tomcat started on port 9006 (http) with context path '/'
2026-07-02 12:34:19 - Updating port to 9006
2026-07-02 12:34:19 - Started ResenasApplication in 6.655 seconds (process running for 7.445)
2026-07-02 12:34:19 - SpringDoc /v3/api-docs endpoint is enabled by default. To disable it in production, set the property 'springdoc.api-docs.enabled=false'
2026-07-02 12:34:19 - SpringDoc /index.html endpoint is enabled by default. To disable it in production, set the property 'springdoc.swagger-ui.enabled=false'
2026-07-02 12:34:19 - DiscoveryClient_RESEÑAS/SJAPCS03LC0703.duoc.acad:reseñas:9006 - registration status: 204
2026-07-02 12:34:21 - Initializing Spring DispatcherServlet 'dispatcherServlet'
2026-07-02 12:34:21 - Initializing Servlet 'dispatcherServlet'
2026-07-02 12:34:21 - Completed initialization in 0 ms
2026-07-02 12:34:49 - Disable delta property : false
2026-07-02 12:34:49 - Single vip registry refresh property : null
2026-07-02 12:34:49 - Force full registry fetch : false
2026-07-02 12:34:49 - Application is null : false
2026-07-02 12:34:49 - Registered Applications size is zero : true
2026-07-02 12:34:49 - Application version is -1: false
2026-07-02 12:34:49 - Getting all instance registry info from the eureka server
2026-07-02 12:34:49 - The response status is 200
